<?xml version="1.0" encoding="UTF-8"?>
<testng-results ignored="0" total="1" passed="1" failed="0" skipped="0">
  <reporter-output>
  </reporter-output>
  <suite started-at="2022-01-27T21:59:33 IRST" name="Default suite" finished-at="2022-01-27T22:00:02 IRST" duration-ms="28490">
    <groups>
    </groups>
    <test started-at="2022-01-27T21:59:33 IRST" name="Default test" finished-at="2022-01-27T22:00:02 IRST" duration-ms="28490">
      <class name="Tests.baseClass">
        <test-method is-config="true" signature="setup()[pri:0, instance:Tests.baseClass@35d019a3]" started-at="2022-01-27T21:59:33 IRST" name="setup" finished-at="2022-01-27T21:59:54 IRST" duration-ms="20739" status="PASS">
          <reporter-output>
          </reporter-output>
        </test-method> <!-- setup -->
        <test-method signature="test()[pri:0, instance:Tests.baseClass@35d019a3]" started-at="2022-01-27T21:59:54 IRST" name="test" finished-at="2022-01-27T22:00:00 IRST" duration-ms="6400" status="PASS">
          <reporter-output>
          </reporter-output>
        </test-method> <!-- test -->
        <test-method is-config="true" signature="teardown()[pri:0, instance:Tests.baseClass@35d019a3]" started-at="2022-01-27T22:00:00 IRST" name="teardown" finished-at="2022-01-27T22:00:02 IRST" duration-ms="1255" status="PASS">
          <reporter-output>
          </reporter-output>
        </test-method> <!-- teardown -->
      </class> <!-- Tests.baseClass -->
    </test> <!-- Default test -->
  </suite> <!-- Default suite -->
</testng-results>
