<?xml version="1.0" encoding="UTF-8"?>
<testng-results ignored="0" total="2" passed="2" failed="0" skipped="0">
  <reporter-output>
  </reporter-output>
  <suite started-at="2022-04-02T21:04:46 IRDT" name="Default suite" finished-at="2022-04-02T21:04:52 IRDT" duration-ms="5522">
    <groups>
    </groups>
    <test started-at="2022-04-02T21:04:46 IRDT" name="Default test" finished-at="2022-04-02T21:04:52 IRDT" duration-ms="5522">
      <class name="com.qa.rest.test.PostANDPut">
        <test-method signature="POSTCall()[pri:0, instance:com.qa.rest.test.PostANDPut@747ddf94]" started-at="2022-04-02T21:04:46 IRDT" name="POSTCall" finished-at="2022-04-02T21:04:51 IRDT" duration-ms="4582" status="PASS">
          <reporter-output>
          </reporter-output>
        </test-method> <!-- POSTCall -->
        <test-method signature="PUTCall()[pri:0, instance:com.qa.rest.test.PostANDPut@747ddf94]" started-at="2022-04-02T21:04:51 IRDT" name="PUTCall" finished-at="2022-04-02T21:04:52 IRDT" duration-ms="837" status="PASS">
          <reporter-output>
          </reporter-output>
        </test-method> <!-- PUTCall -->
      </class> <!-- com.qa.rest.test.PostANDPut -->
    </test> <!-- Default test -->
  </suite> <!-- Default suite -->
</testng-results>
